

Version:	3.50
CmdLine:	D:\proect\demo5\out\artifacts\demo5_jar\name.exe --l4j-debug
JNI:		No
WOW64:		Yes
Working dir:	D:\proect\demo5\out\artifacts\demo5_jar\.
Requires JDK:	No
Requires 64-Bit: No
Java min ver:	1.006.000_022
Java max ver:	
Substitute:	JAVA_HOME = 
Substitute:	PATH = C:\Program Files\Common Files\Oracle\Java\javapath;C:\WINDOWS\system32;C:\WINDOWS;C:\WINDOWS\System32\Wbem;C:\WINDOWS\System32\WindowsPowerShell\v1.0\;C:\WINDOWS\System32\OpenSSH\;C:\Users\cibir\AppData\Local\Microsoft\WindowsApps;;C:\Users\cibir\AppData\Local\Programs\Microsoft VS Code\bin;C:\Program Files\Java\jdk-20\bin
JRE paths:	;C:\Program Files\Common Files\Oracle\Java\javapath;C:\WINDOWS\system32;C:\WINDOWS;C:\WINDOWS\System32\Wbem;C:\WINDOWS\System32\WindowsPowerShell\v1.0\;C:\WINDOWS\System32\OpenSSH\;C:\Users\cibir\AppData\Local\Microsoft\WindowsApps;;C:\Users\cibir\AppData\Local\Programs\Microsoft VS Code\bin;C:\Program Files\Java\jdk-20\bin
Check launcher:	C:\Program Files\Common Files\Oracle\Java\javapath\bin\javaw.exe (not found)
Check launcher:	C:\WINDOWS\system32\bin\javaw.exe (not found)
Check launcher:	C:\WINDOWS\bin\javaw.exe (not found)
Check launcher:	C:\WINDOWS\System32\Wbem\bin\javaw.exe (not found)
Check launcher:	C:\WINDOWS\System32\WindowsPowerShell\v1.0\bin\javaw.exe (not found)
Check launcher:	C:\WINDOWS\System32\OpenSSH\bin\javaw.exe (not found)
Check launcher:	C:\Users\cibir\AppData\Local\Microsoft\WindowsApps\bin\javaw.exe (not found)
Check launcher:	C:\Users\cibir\AppData\Local\Programs\Microsoft VS Code\bin\javaw.exe (not found)
Check launcher:	C:\Program Files\Java\jdk-20\bin\javaw.exe (OK)
Version string: 1.020.000_002 / 64-Bit (OK)
Launcher:	C:\Program Files\Java\jdk-20\bin\javaw.exe
Launcher args:	-jar "D:\proect\demo5\out\artifacts\demo5_jar\name.exe"
Args length:	55/32768 chars
Exit code:	1, restarting the application!
Exit code:	1, restarting the application!
Exit code:	1, restarting the application!
Exit code:	1, restarting the application!
Exit code:	1, restarting the application!
Exit code:	1, restarting the application!
Exit code:	1, restarting the application!
Exit code:	1, restarting the application!
Exit code:	1, restarting the application!
Exit code:	1, restarting the application!
Exit code:	1, restarting the application!
Exit code:	1, restarting the application!
Exit code:	1, restarting the application!
Exit code:	1, restarting the application!
Exit code:	1, restarting the application!
Exit code:	1, restarting the application!
Exit code:	1, restarting the application!
Exit code:	1, restarting the application!
Exit code:	1, restarting the application!
Exit code:	1, restarting the application!
Exit code:	1, restarting the application!
Exit code:	1, restarting the application!
Exit code:	1, restarting the application!
Exit code:	1, restarting the application!
Exit code:	1, restarting the application!
Exit code:	1, restarting the application!
Exit code:	1, restarting the application!
Exit code:	1, restarting the application!
Exit code:	1, restarting the application!
Exit code:	1, restarting the application!
Exit code:	1, restarting the application!
Exit code:	1, restarting the application!
Exit code:	1, restarting the application!
Exit code:	1, restarting the application!
Exit code:	1, restarting the application!
Exit code:	1, restarting the application!
Exit code:	1, restarting the application!
Exit code:	1, restarting the application!
Exit code:	1, restarting the application!
Exit code:	1, restarting the application!
Exit code:	1, restarting the application!
Exit code:	1, restarting the application!
Exit code:	1, restarting the application!
Exit code:	1, restarting the application!
Exit code:	1, restarting the application!
Exit code:	1, restarting the application!
Exit code:	1, restarting the application!
Exit code:	1, restarting the application!
Exit code:	1, restarting the application!
Exit code:	1, restarting the application!
Exit code:	1, restarting the application!
Exit code:	1, restarting the application!
Exit code:	1, restarting the application!
Exit code:	1, restarting the application!

Version:	3.50
CmdLine:	D:\proect\demo5\out\artifacts\demo5_jar\name.exe --l4j-debug
JNI:		No
WOW64:		Yes
Working dir:	D:\proect\demo5\out\artifacts\demo5_jar\.
Requires JDK:	No
Requires 64-Bit: No
Java min ver:	1.006.000_022
Java max ver:	
Substitute:	JAVA_HOME = 
Substitute:	PATH = C:\Program Files\Common Files\Oracle\Java\javapath;C:\WINDOWS\system32;C:\WINDOWS;C:\WINDOWS\System32\Wbem;C:\WINDOWS\System32\WindowsPowerShell\v1.0\;C:\WINDOWS\System32\OpenSSH\;C:\Users\cibir\AppData\Local\Microsoft\WindowsApps;;C:\Users\cibir\AppData\Local\Programs\Microsoft VS Code\bin;C:\Program Files\Java\jdk-20\bin
JRE paths:	;C:\Program Files\Common Files\Oracle\Java\javapath;C:\WINDOWS\system32;C:\WINDOWS;C:\WINDOWS\System32\Wbem;C:\WINDOWS\System32\WindowsPowerShell\v1.0\;C:\WINDOWS\System32\OpenSSH\;C:\Users\cibir\AppData\Local\Microsoft\WindowsApps;;C:\Users\cibir\AppData\Local\Programs\Microsoft VS Code\bin;C:\Program Files\Java\jdk-20\bin
Check launcher:	C:\Program Files\Common Files\Oracle\Java\javapath\bin\javaw.exe (not found)
Check launcher:	C:\WINDOWS\system32\bin\javaw.exe (not found)
Check launcher:	C:\WINDOWS\bin\javaw.exe (not found)
Check launcher:	C:\WINDOWS\System32\Wbem\bin\javaw.exe (not found)
Check launcher:	C:\WINDOWS\System32\WindowsPowerShell\v1.0\bin\javaw.exe (not found)
Check launcher:	C:\WINDOWS\System32\OpenSSH\bin\javaw.exe (not found)
Check launcher:	C:\Users\cibir\AppData\Local\Microsoft\WindowsApps\bin\javaw.exe (not found)
Check launcher:	C:\Users\cibir\AppData\Local\Programs\Microsoft VS Code\bin\javaw.exe (not found)
Check launcher:	C:\Program Files\Java\jdk-20\bin\javaw.exe (OK)
Version string: 1.020.000_002 / 64-Bit (OK)
Launcher:	C:\Program Files\Java\jdk-20\bin\javaw.exe
Launcher args:	-jar "D:\proect\demo5\out\artifacts\demo5_jar\name.exe"
Args length:	55/32768 chars
Exit code:	1, restarting the application!
Exit code:	1, restarting the application!
Exit code:	1, restarting the application!
Exit code:	1, restarting the application!
Exit code:	1, restarting the application!
Exit code:	1, restarting the application!
Exit code:	1, restarting the application!
Exit code:	1, restarting the application!
Exit code:	1, restarting the application!
Exit code:	1, restarting the application!
Exit code:	1, restarting the application!
Exit code:	1, restarting the application!
Exit code:	1, restarting the application!
Exit code:	1, restarting the application!
Exit code:	1, restarting the application!
Exit code:	1, restarting the application!
Exit code:	1, restarting the application!
Exit code:	1, restarting the application!
Exit code:	1, restarting the application!
Exit code:	1, restarting the application!
Exit code:	1, restarting the application!
Exit code:	1, restarting the application!
Exit code:	1, restarting the application!
Exit code:	1, restarting the application!
Exit code:	1, restarting the application!
Exit code:	1, restarting the application!
Exit code:	1, restarting the application!
Exit code:	1, restarting the application!
Exit code:	1, restarting the application!
Exit code:	1, restarting the application!
Exit code:	1, restarting the application!
Exit code:	1, restarting the application!
Exit code:	1, restarting the application!
Exit code:	1, restarting the application!
Exit code:	1, restarting the application!
Exit code:	1, restarting the application!
Exit code:	1, restarting the application!
Exit code:	1, restarting the application!
Exit code:	1, restarting the application!
Exit code:	1, restarting the application!
Exit code:	1, restarting the application!
Exit code:	1, restarting the application!
Exit code:	1, restarting the application!
Exit code:	1, restarting the application!
Exit code:	1, restarting the application!
Exit code:	1, restarting the application!
Exit code:	1, restarting the application!
Exit code:	1, restarting the application!
Exit code:	1, restarting the application!
Exit code:	1, restarting the application!
Exit code:	1, restarting the application!
Exit code:	1, restarting the application!
Exit code:	1, restarting the application!
Exit code:	1, restarting the application!
Exit code:	1, restarting the application!
Exit code:	1, restarting the application!
Exit code:	1, restarting the application!
Exit code:	1, restarting the application!
Exit code:	1, restarting the application!
Exit code:	1, restarting the application!
Exit code:	1, restarting the application!
Exit code:	1, restarting the application!
Exit code:	1, restarting the application!
Exit code:	1, restarting the application!
Exit code:	1, restarting the application!
Exit code:	1, restarting the application!
Exit code:	1, restarting the application!
Exit code:	1, restarting the application!
Exit code:	1, restarting the application!
Exit code:	1, restarting the application!
Exit code:	1, restarting the application!
Exit code:	1, restarting the application!
Exit code:	1, restarting the application!
Exit code:	1, restarting the application!
Exit code:	1, restarting the application!
Exit code:	1, restarting the application!
Exit code:	1, restarting the application!
Exit code:	1, restarting the application!
Exit code:	1, restarting the application!
Exit code:	1, restarting the application!
Exit code:	1, restarting the application!
Exit code:	1, restarting the application!
Exit code:	1, restarting the application!
Exit code:	1, restarting the application!
Exit code:	1, restarting the application!
Exit code:	1, restarting the application!
Exit code:	1, restarting the application!
Exit code:	1, restarting the application!
Exit code:	1, restarting the application!
Exit code:	1, restarting the application!
Exit code:	1, restarting the application!
Exit code:	1, restarting the application!
Exit code:	1, restarting the application!
Exit code:	1, restarting the application!
Exit code:	1, restarting the application!
Exit code:	1, restarting the application!
Exit code:	1, restarting the application!
Exit code:	1, restarting the application!
Exit code:	1, restarting the application!
Exit code:	1, restarting the application!
Exit code:	1, restarting the application!
Exit code:	1, restarting the application!
Exit code:	1, restarting the application!
Exit code:	1, restarting the application!
Exit code:	1, restarting the application!
Exit code:	1, restarting the application!
Exit code:	1, restarting the application!
Exit code:	1, restarting the application!
Exit code:	1, restarting the application!
Exit code:	1, restarting the application!
Exit code:	1, restarting the application!
Exit code:	1, restarting the application!
Exit code:	1, restarting the application!
Exit code:	1, restarting the application!
Exit code:	1, restarting the application!
Exit code:	1, restarting the application!
Exit code:	1, restarting the application!
Exit code:	1, restarting the application!
Exit code:	1, restarting the application!
Exit code:	1, restarting the application!
Exit code:	1, restarting the application!
Exit code:	1, restarting the application!
Exit code:	1, restarting the application!
Exit code:	1, restarting the application!
Exit code:	1, restarting the application!
Exit code:	1, restarting the application!
Exit code:	1, restarting the application!
Exit code:	1, restarting the application!
Exit code:	1, restarting the application!
Exit code:	1, restarting the application!
Exit code:	1, restarting the application!
Exit code:	1, restarting the application!
Exit code:	1, restarting the application!
Exit code:	1, restarting the application!
Exit code:	1, restarting the application!
Exit code:	1, restarting the application!
Exit code:	1, restarting the application!
Exit code:	1, restarting the application!
Exit code:	1, restarting the application!
Exit code:	1, restarting the application!
Exit code:	1, restarting the application!
Exit code:	1, restarting the application!
Exit code:	1, restarting the application!
Exit code:	1, restarting the application!
Exit code:	1, restarting the application!
Exit code:	1, restarting the application!
Exit code:	1, restarting the application!
Exit code:	1, restarting the application!
Exit code:	1, restarting the application!
Exit code:	1, restarting the application!
Exit code:	1, restarting the application!
Exit code:	1, restart
Exit code:	1, restarting the application!
Exit code:	1, restarting the application!
Exit code:	1, restarting the application!
Exit code:	1, restarting the application!
Exit code:	1, restarting the application!
Exit code:	1, restarting the application!
Exit code:	1, restarting the application!
Exit code:	1, restarting the application!
Exit code:	1, restarting the application!
Exit code:	1, restarting the application!
Exit code:	1, restarting the application!
Exit code:	1, restarting the application!
Exit code:	1, restarting the application!
Exit code:	1, restarting the application!
Exit code:	1, restarting the application!
Exit code:	1, restarting the application!
Exit code:	1, restarting the application!
Exit code:	1, restarting the application!
Exit code:	1, restarting the application!
Exit code:	1, restarting the application!
Exit code:	1, restarting the application!
Exit code:	1, restarting the application!
Exit code:	1, restarting the application!
Exit code:	1, restarting the application!
Exit code:	1, restarting the application!
Exit code:	1, restarting the application!
Exit code:	1, restarting the application!
Exit code:	1, restarting the application!
Exit code:	1, restarting the application!
Exit code:	1, restarting the application!
Exit code:	1, restarting the application!
Exit code:	1, restarting the application!
Exit code:	1, restarting the application!
Exit code:	1, restarting the application!
Exit code:	1, restarting the application!
Exit code:	1, restarting the application!
Exit code:	1, restarting the application!
Exit code:	1, restarting the application!
Exit code:	1, restarting the application!
Exit code:	1, restarting the application!
Exit code:	1, restarting the application!
Exit code:	1, restarting the application!
Exit code:	1, restarting the application!
Exit code:	1, restarting the application!
Exit code:	1, restarting the application!
Exit code:	1, restarting the application!
Exit code:	1, restarting the application!
Exit code:	1, restarting the application!
Exit code:	1, restarting the application!
Exit code:	1, restarting the application!
Exit code:	1, restarting the application!
Exit code:	1, restarting the application!
Exit code:	1, restarting the application!
Exit code:	1, restarting the application!
Exit code:	1, restarting the application!
Exit code:	1, restarting the application!
Exit code:	1, restarting the application!
Exit code:	1, restarting the application!
Exit code:	1, restarting the application!
Exit code:	1, restarting the application!
Exit code:	1, restarting the application!
Exit code:	1, restarting the application!
Exit code:	1, restarting the application!
Exit code:	1, restarting the application!
Exit code:	1, restarting the application!
Exit code:	1, restarting the application!
Exit code:	1, restarting the application!
Exit code:	1, restarting the application!
Exit code:	1, restarting the application!
Exit code:	1, restarting the application!
Exit code:	1, restarting the application!
Exit code:	1, restarting the application!
Exit code:	1, restarting the application!
Exit code:	1, restarting the application!
Exit code:	1, restarting the application!
Exit code:	1, restarting the application!
Exit code:	1, restarting the application!
Exit code:	1, restarting the application!
Exit code:	1, restarting the application!
Exit code:	1, restarting the application!
Exit code:	1, restarting the application!
Exit code:	1, restarting the application!
Exit code:	1, restarting the application!
Exit code:	1, restarting the application!
Exit code:	1, restarting the application!
Exit code:	1, restarting the application!
Exit code:	1, restarting the application!
Exit code:	1, restarting the application!
Exit code:	1, restarting the application!
Exit code:	1, restarting the application!
Exit code:	1, restarting the application!
Exit code:	1, restarting the application!
Exit code:	1, restarting the application!
Exit code:	1, restarting the application!
Exit code:	1, restarting the application!
Exit code:	1, restarting the application!
Exit code:	1, restarting the application!
Exit code:	1, restarting the application!
Exit code:	1, restarting the application!
Exit code:	1, restarting the application!
Exit code:	1, restarting the application!
Exit code:	1, restarting the application!
Exit code:	1, restarting the application!
Exit code:	1, restarting the application!
Exit code:	1, restarting the application!
Exit code:	1, restarting the application!
Exit code:	1, restarting the application!
Exit code:	1, restarting the application!
Exit code:	1, restarting the application!
Exit code:	1, restarting the application!
Exit code:	1, restarting the application!
Exit code:	1, restarting the application!
Exit code:	1, restarting the application!
Exit code:	1, restarting the application!
Exit code:	1, restarting the application!
Exit code:	1, restarting the application!
Exit code:	1, restarting the application!
Exit code:	1, restarting the application!
Exit code:	1, restarting the application!
Exit code:	1, restarting the application!
Exit code:	1, restarting the application!
Exit code:	1, restarting the application!
Exit code:	1, restarting the application!
Exit code:	1, restarting the application!
Exit code:	1, restarting the application!
Exit code:	1, restarting the application!
Exit code:	1, restarting the application!
Exit code:	1, restarting the application!
Exit code:	1, restarting the application!
Exit code:	1, restarting the application!
Exit code:	1, restarting the application!
Exit code:	1, restarting the application!
Exit code:	1, restarting the application!
Exit code:	1, restarting the application!
Exit code:	1, restarting the application!
Exit code:	1, restarting the application!
Exit code:	1, restarting the application!
Exit code:	1, restarting the application!
Exit code:	1, restarting the application!
Exit code:	1, restarting the application!
Exit code:	1, restarting the application!
Exit code:	1, restarting the application!
Exit code:	1, restarting the application!
Exit code:	1, restarting the application!
Exit code:	1, restarting the application!
Exit code:	1, restarting the application!
Exit code:	1, restarting the application!
Exit code:	1, restarting the application!
Exit code:	1, restarting the application!
Exit code:	1, restarting the application!
Exit code:	1, restarting the application!
Exit code:	1, restarting the application!
Exit code:	1, restarting the application!
Exit code:	1, restarting the application!
Exit code:	1, restarting the application!
Exit code:	1, restarting the application!
Exit code:	1, restarting the application!
Exit code:	1, restarting the application!
Exit code:	1, restarting the application!
Exit code:	1, restarting the application!
Exit code:	1, restarting the application!
Exit code:	1, restarting the application!
Exit code:	1, restarting the application!
Exit code:	1, restarting the application!
Exit code:	1, restarting the application!
Exit code:	1, restarting the application!
Exit code:	1, restarting the application!
Exit code:	1, restarting the application!
Exit code:	1, restarting the application!
Exit code:	1, restarting the application!
Exit code:	1, restarting the application!
Exit code:	1, restarting the application!
Exit code:	1, restarting the application!
Exit code:	1, restarting the application!
Exit code:	1, restarting the application!
Exit code:	1, restarting the application!
Exit code:	1, restarting the application!
Exit code:	1, restarting the application!
Exit code:	1, restarting the application!
Exit code:	1, restarting the application!
Exit code:	1, restarting the application!
Exit code:	1, restarting the application!
Exit code:	1, restarting the application!
Exit code:	1, restarting the application!
Exit code:	1, restarting the application!
Exit code:	1, restarting the application!
Exit code:	1, restarting the application!
Exit code:	1, restarting the application!
Exit code:	1, restarting the application!
Exit code:	1, restarting the application!
Exit code:	1, restarting the application!
Exit code:	1, restarting the application!
Exit code:	1, restarting the application!
Exit code:	1, restarting the application!
Exit code:	1, restarting the application!
Eing the application!
Exit code:	1, restarting the application!
Exit code:	1, restarting the application!
Exit code:	1, restarting the application!
Exit code:	1, restarting the application!
Exit code:	1, restarting the application!
Exit code:	1, restarting the application!
Exit code:	1, restarting the application!
Exit code:	1, restarting the application!
Exit code:	1, restarting the application!
Exit code:	1, restarting the application!
Exit code:	1, restarting the application!
Exit code:	1, restarting the application!
Exit code:	1, restarting the application!
Exit code:	1, restarting the application!
Exit code:	1, restarting the application!
Exit code:	1, restarting the application!
Exit code:	1, restarting the application!
Exit code:	1, restarting the application!
Exit code:	1, restarting the application!
Exit code:	1, restarting the application!
Exit code:	1, restarting the application!
Exit code:	1, restarting the application!
Exit code:	1, restarting the application!
Exit code:	1, restarting the application!
Exit code:	1, restarting the application!
Exit code:	1, restarting the application!
Exit code:	1, restarting the application!
Exit code:	1, restarting the application!
Exit code:	1, restarting the application!
Exit code:	1, restarting the application!
Exit code:	1, restarting the application!
Exit code:	1, restarting the application!
Exit code:	1, restarting the application!
Exit code:	1, restarting the application!
Exit code:	1, restarting the application!
Exit code:	1, restarting the application!
Exit code:	1, restarting the application!
Exit code:	1, restarting the application!
Exit code:	1, restarting the application!
Exit code:	1, restarting the application!
Exit code:	1, restarting the application!
Exit code:	1, restarting the application!
Exit code:	1, restarting the application!
Exit code:	1, restarting the application!
Exit code:	1, restarting the application!
Exit code:	1, restarting the application!
Exit code:	1, restarting the application!
Exit code:	1, restarting the application!
Exit code:	1, restarting the application!
Exit code:	1, restarting the application!
Exit code:	1, restarting the application!
Exit code:	1, restarting the application!
Exit code:	1, restarting the application!
Exit code:	1, restarting the application!
Exit code:	1, restarting the application!
Exit code:	1, restarting the application!
Exit code:	1, restarting the application!
Exit code:	1, restarting the application!
Exit code:	1, restarting the application!
Exit code:	1, restarting the application!
Exit code:	1, restarting the application!
Exit code:	1, restarting the application!
Exit code:	1, restarting the application!
Exit code:	1, restarting the application!
Exit code:	1, restarting the application!
Exit code:	1, restarting the application!
Exit code:	1, restarting the application!
Exit code:	1, restarting the application!
Exit code:	1, restarting the application!
Exit code:	1, restarting the application!
Exit code:	1, restarting the application!
Exit code:	1, restarting the application!
Exit code:	1, restarting the application!
Exit code:	1, restarting the application!
Exit code:	1, restarting the application!
Exit code:	1, restarting the application!
Exit code:	1, restarting the application!
Exit code:	1, restarting the application!
Exit code:	1, restarting the application!
Exit code:	1, restarting the application!
Exit code:	1, restarting the application!
Exit code:	1, restarting the application!
Exit code:	1, restarting the application!
Exit code:	1, restarting the application!
Exit code:	1, restarting the application!
Exit code:	1, restarting the application!
Exit code:	1, restarting the application!
Exit code:	1, restarting the application!
Exit code:	1, restarting the application!
Exit code:	1, restarting the application!
Exit code:	1, restarting the application!
Exit code:	1, restarting the application!
Exit code:	1, restarting the application!
Exit code:	1, restarting the application!
Exit code:	1, restarting the application!
Exit code:	1, restarting the application!
Exit code:	1, restarting the application!
Exit code:	1, restarting the application!
Exit code:	1, restarting the application!
Exit code:	1, restarting the application!
Exit code:	1, restarting the application!
Exit code:	1, restarting the application!
Exit code:	1, restarting the application!
Exit code:	1, restarting the application!
Exit code:	1, restarting the application!
Exit code:	1, restarting the application!
Exit code:	1, restarting the application!
Exit code:	1, restarting the application!
Exit code:	1, restarting the application!
Exit code:	1, restarting the application!
Exit code:	1, restarting the application!
Exit code:	1, restarting the application!
Exit code:	1, restarting the application!
Exit code:	1, restarting the application!
Exit code:	1, restarting the application!
Exit code:	1, restarting the application!
Exit code:	1, restarting the application!
Exit code:	1, restarting the application!
Exit code:	1, restarting the application!
Exit code:	1, restarting the application!
Exit code:	1, restarting the application!
Exit code:	1, restarting the application!
Exit code:	1, restarting the application!
Exit code:	1, restarting the application!
Exit code:	1, restarting the application!
Exit code:	1, restarting the application!
Exit code:	1, restarting the application!
Exit code:	1, restarting the application!
Exit code:	1, restarting the application!
Exit code:	1, restarting the application!
Exit code:	1, restarting the application!
Exit code:	1, restarting the application!
Exit code:	1, restarting the application!
Exit code:	1, restarting the application!
Exit code:	1, restarting the application!
Exit code:	1, restarting the application!
Exit code:	1, restarting the application!
Exit code:	1, restarting the application!
Exit code:	1, restarting the application!
Exit code:	1, restarting the application!
Exit code:	1, restarting the application!
Exit code:	1, restarting the application!
Exit code:	1, restarting the application!
Exit code:	1, restarting the application!
Exit code:	1, restarting the application!
Exit code:	1, restarting the application!
Exit code:	1, restarting the application!
Exit code:	1, restarting the application!
Exit code:	1, restarting the application!
Exit code:	1, restarting the application!
Exit code:	1, restarting the application!
Exit code:	1, restarting the application!
Exit code:	1, restarting the application!
Exit code:	1, restarting the application!
Exit code:	1, restarting the application!
Exit code:	1, restarting the application!
Exit code:	1, restarting the application!
Exit code:	1, restarting the application!
Exit code:	1, restarting the application!
Exit code:	1, restarting the application!
Exit code:	1, restarting the application!
Exit code:	1, restarting the application!
Exit code:	1, restarting the application!
Exit code:	1, restarting the application!
Exit code:	1, restarting the application!
Exit code:	1, restarting the application!
Exit code:	1, restarting the application!
Exit code:	1, restarting the application!
Exit code:	1, restarting the application!
Exit code:	1, restarting the application!
Exit code:	1, restarting the application!
Exit code:	1, restarting the application!
Exit code:	1, restarting the application!
Exit code:	1, restarting the application!
Exit code:	1, restarting the application!
Exit code:	1, restarting the application!
Exit code:	1, restarting the application!
Exit code:	1, restarting the application!
Exit code:	1, restarting the application!
Exit code:	1, restarting the application!
Exit code:	1, restarting the application!
Exit code:	1, restarting the application!
Exit code:	1, restarting the application!
Exit code:	1, restarting the application!
Exit code:	1, restarting the application!
Exit code:	1, restarting the application!
Exit code:	1, restarting the application!
Exit code:	1, restarting the application!
Exit code:	1, restarting the application!
Exit code:	1, restarting the application!
Exit code:	1, restarting the application!
Exit code:	1, restarting the application!
Exit code:	1, restarting the application!
Exit code:	1, restarting the application!
Exit code:	1, restartinxit code:	1, restarting the application!
Exit code:	1, restarting the application!
Exit code:	1, restarting the application!
Exit code:	1, restarting the application!
Exit code:	1, restarting the application!
Exit code:	1, restarting the application!
Exit code:	1, restarting the application!
Exit code:	1, restarting the application!
Exit code:	1, restarting the application!
Exit code:	1, restarting the application!
Exit code:	1, restarting the application!
Exit code:	1, restarting the application!
Exit code:	1, restarting the application!
Exit code:	1, restarting the application!
Exit code:	1, restarting the application!
Exit code:	1, restarting the application!
Exit code:	1, restarting the application!
Exit code:	1, restarting the application!
Exit code:	1, restarting the application!
Exit code:	1, restarting the application!
Exit code:	1, restarting the application!
Exit code:	1, restarting the application!
Exit code:	1, restarting the application!
Exit code:	1, restarting the application!
Exit code:	1, restarting the application!
Exit code:	1, restarting the application!
Exit code:	1, restarting the application!
Exit code:	1, restarting the application!
Exit code:	1, restarting the application!
Exit code:	1, restarting the application!
Exit code:	1, restarting the application!
Exit code:	1, restarting the application!
Exit code:	1, restarting the application!
Exit code:	1, restarting the application!
Exit code:	1, restarting the application!
Exit code:	1, restarting the application!
Exit code:	1, restarting the application!
Exit code:	1, restarting the application!
Exit code:	1, restarting the application!
Exit code:	1, restarting the application!
Exit code:	1, restarting the application!
Exit code:	1, restarting the application!
Exit code:	1, restarting the application!
Exit code:	1, restarting the application!
Exit code:	1, restarting the application!
Exit code:	1, restarting the application!
Exit code:	1, restarting the application!
Exit code:	1, restarting the application!
Exit code:	1, restarting the application!
Exit code:	1, restarting the application!
Exit code:	1, restarting the application!
Exit code:	1, restarting the application!
Exit code:	1, restarting the application!
Exit code:	1, restarting the application!
Exit code:	1, restarting the application!
Exit code:	1, restarting the application!
Exit code:	1, restarting the application!
Exit code:	1, restarting the application!
Exit code:	1, restarting the application!
Exit code:	1, restarting the application!
Exit code:	1, restarting the application!
Exit code:	1, restarting the application!
Exit code:	1, restarting the application!
Exit code:	1, restarting the application!
Exit code:	1, restarting the application!
Exit code:	1, restarting the application!
Exit code:	1, restarting the application!
Exit code:	1, restarting the application!
Exit code:	1, restarting the application!
Exit code:	1, restarting the application!
Exit code:	1, restarting the application!
Exit code:	1, restarting the application!
Exit code:	1, restarting the application!
Exit code:	1, restarting the application!
Exit code:	1, restarting the application!
Exit code:	1, restarting the application!
Exit code:	1, restarting the application!
Exit code:	1, restarting the application!
Exit code:	1, restarting the application!
Exit code:	1, restarting the application!
Exit code:	1, restarting the application!
Exit code:	1, restarting the application!
Exit code:	1, restarting the application!
Exit code:	1, restarting the application!
Exit code:	1, restarting the application!
Exit code:	1, restarting the application!
Exit code:	1, restarting the application!
Exit code:	1, restarting the application!
Exit code:	1, restarting the application!
Exit code:	1, restarting the application!
Exit code:	1, restarting the application!
Exit code:	1, restarting the application!
Exit code:	1, restarting the application!
Exit code:	1, restarting the application!
Exit code:	1, restarting the application!
Exit code:	1, restarting the application!
Exit code:	1, restarting the application!
Exit code:	1, restarting the application!
Exit code:	1, restarting the application!
Exit code:	1, restarting the application!
Exit code:	1, restarting the application!
Exit code:	1, restarting the application!
Exit code:	1, restarting the application!
Exit code:	1, restarting the application!
Exit code:	1, restarting the application!
Exit code:	1, restarting the application!
Exit code:	1, restarting the application!
Exit code:	1, restarting the application!
Exit code:	1, restarting the application!
Exit code:	1, restarting the application!
Exit code:	1, restarting the application!
Exit code:	1, restarting the application!
Exit code:	1, restarting the application!
Exit code:	1, restarting the application!
Exit code:	1, restarting the application!
Exit code:	1, restarting the application!
Exit code:	1, restarting the application!
Exit code:	1, restarting the application!
Exit code:	1, restarting the application!
Exit code:	1, restarting the application!
Exit code:	1, restarting the application!
Exit code:	1, restarting the application!
Exit code:	1, restarting the application!
Exit code:	1, restarting the application!
Exit code:	1, restarting the application!
Exit code:	1, restarting the application!
Exit code:	1, restarting the application!
Exit code:	1, restarting the application!
Exit code:	1, restarting the application!
Exit code:	1, restarting the application!
Exit code:	1, restarting the application!
Exit code:	1, restarting the application!
Exit code:	1, restarting the application!
Exit code:	1, restarting the application!
Exit code:	1, restarting the application!
Exit code:	1, restarting the application!
Exit code:	1, restarting the application!
Exit code:	1, restarting the application!
Exit code:	1, restarting the application!
Exit code:	1, restarting the application!
Exit code:	1, restarting the application!
Exit code:	1, restarting the application!
Exit code:	1, restarting the application!
Exit code:	1, restarting the application!
Exit code:	1, restarting the application!
Exit code:	1, restarting the application!
Exit code:	1, restarting the application!
Exit code:	1, restarting the application!
Exit code:	1, restarting the application!
Exit code:	1, restarting the application!
Exit code:	1, restarting the application!
Exit code:	1, restarting the application!
Exit code:	1, restarting the application!
Exit code:	1, restarting the application!
Exit code:	1, restarting the application!
Exit code:	1, restarting the application!
Exit code:	1, restarting the application!
Exit code:	1, restarting the application!
Exit code:	1, restarting the application!
Exit code:	1, restarting the application!
Exit code:	1, restarting the application!
Exit code:	1, restarting the application!
Exit code:	1, restarting the application!
Exit code:	1, restarting the application!
Exit code:	1, restarting the application!
Exit code:	1, restarting the application!
Exit code:	1, restarting the application!
Exit code:	1, restarting the application!
Exit code:	1, restarting the application!
Exit code:	1, restarting the application!
Exit code:	1, restarting the application!
Exit code:	1, restarting the application!
Exit code:	1, restarting the application!
Exit code:	1, restarting the application!
Exit code:	1, restarting the application!
Exit code:	1, restarting the application!
Exit code:	1, restarting the application!
Exit code:	1, restarting the application!
Exit code:	1, restarting the application!
Exit code:	1, restarting the application!
Exit code:	1, restarting the application!
Exit code:	1, restarting the application!
Exit code:	1, restarting the application!
Exit code:	1, restarting the application!
Exit code:	1, restarting the application!
Exit code:	1, restarting the application!
Exit code:	1, restarting the application!
Exit code:	1, restarting the application!
Exit code:	1, restarting the application!
Exit code:	1, restarting the application!
Exit code:	1, restarting the application!
Exit code:	1, restarting the application!
Exit code:	1, restarting the application!
Exit code:	1, restarting the application!
Exit code:	1, restarting the application!
Exig the application!
Exit code:	1, restarting the application!
Exit code:	1, restarting the application!
Exit code:	1, restarting the application!
Exit code:	1, restarting the application!
Exit code:	1, restarting the application!
Exit code:	1, restarting the application!
Exit code:	1, restarting the application!
Exit code:	1, restarting the application!
Exit code:	1, restarting the application!
Exit code:	1, restarting the application!
Exit code:	1, restarting the application!
Exit code:	1, restarting the application!
Exit code:	1, restarting the application!
Exit code:	1, restarting the application!
Exit code:	1, restarting the application!
Exit code:	1, restarting the application!
Exit code:	1, restarting the application!
Exit code:	1, restarting the application!
Exit code:	1, restarting the application!
Exit code:	1, restarting the application!
Exit code:	1, restarting the application!
Exit code:	1, restarting the application!
Exit code:	1, restarting the application!
Exit code:	1, restarting the application!
Exit code:	1, restarting the application!
Exit code:	1, restarting the application!
Exit code:	1, restarting the application!
Exit code:	1, restarting the application!
Exit code:	1, restarting the application!
Exit code:	1, restarting the application!
Exit code:	1, restarting the application!
Exit code:	1, restarting the application!
Exit code:	1, restarting the application!
Exit code:	1, restarting the application!
Exit code:	1, restarting the application!
Exit code:	1, restarting the application!
Exit code:	1, restarting the application!
Exit code:	1, restarting the application!
Exit code:	1, restarting the application!
Exit code:	1, restarting the application!
Exit code:	1, restarting the application!
Exit code:	1, restarting the application!
Exit code:	1, restarting the application!
Exit code:	1, restarting the application!
Exit code:	1, restarting the application!
Exit code:	1, restarting the application!
Exit code:	1, restarting the application!
Exit code:	1, restarting the application!
Exit code:	1, restarting the application!
Exit code:	1, restarting the application!
Exit code:	1, restarting the application!
Exit code:	1, restarting the application!
Exit code:	1, restarting the application!
Exit code:	1, restarting the application!
Exit code:	1, restarting the application!
Exit code:	1, restarting the application!
Exit code:	1, restarting the application!
Exit code:	1, restarting the application!
Exit code:	1, restarting the application!
Exit code:	1, restarting the application!
Exit code:	1, restarting the application!
Exit code:	1, restarting the application!
Exit code:	1, restarting the application!
Exit code:	1, restarting the application!
Exit code:	1, restarting the application!
Exit code:	1, restarting the application!
Exit code:	1, restarting the application!
Exit code:	1, restarting the application!
Exit code:	1, restarting the application!
Exit code:	1, restarting the application!
Exit code:	1, restarting the application!
Exit code:	1, restarting the application!
Exit code:	1, restarting the application!
Exit code:	1, restarting the application!
Exit code:	1, restarting the application!
Exit code:	1, restarting the application!
Exit code:	1, restarting the application!
Exit code:	1, restarting the application!
Exit code:	1, restarting the application!
Exit code:	1, restarting the application!
Exit code:	1, restarting the application!
Exit code:	1, restarting the application!
Exit code:	1, restarting the application!
Exit code:	1, restarting the application!
Exit code:	1, restarting the application!
Exit code:	1, restarting the application!
Exit code:	1, restarting the application!
Exit code:	1, restarting the application!
Exit code:	1, restarting the application!
Exit code:	1, restarting the application!
Exit code:	1, restarting the application!
Exit code:	1, restarting the application!
Exit code:	1, restarting the application!
Exit code:	1, restarting the application!
Exit code:	1, restarting the application!
Exit code:	1, restarting the application!
Exit code:	1, restarting the application!
Exit code:	1, restarting the application!
Exit code:	1, restarting the application!
Exit code:	1, restarting the application!
Exit code:	1, restarting the application!
Exit code:	1, restarting the application!
Exit code:	1, restarting the application!
Exit code:	1, restarting the application!
Exit code:	1, restarting the application!
Exit code:	1, restarting the application!
Exit code:	1, restarting the application!
Exit code:	1, restarting the application!
Exit code:	1, restarting the application!
Exit code:	1, restarting the application!
Exit code:	1, restarting the application!
Exit code:	1, restarting the application!
Exit code:	1, restarting the application!
Exit code:	1, restarting the application!
Exit code:	1, restarting the application!
Exit code:	1, restarting the application!
Exit code:	1, restarting the application!
Exit code:	1, restarting the application!
Exit code:	1, restarting the application!
Exit code:	1, restarting the application!
Exit code:	1, restarting the application!
Exit code:	1, restarting the application!
Exit code:	1, restarting the application!
Exit code:	1, restarting the application!
Exit code:	1, restarting the application!
Exit code:	1, restarting the application!
Exit code:	1, restarting the application!
Exit code:	1, restarting the application!
Exit code:	1, restarting the application!
Exit code:	1, restarting the application!
Exit code:	1, restarting the application!
Exit code:	1, restarting the application!
Exit code:	1, restarting the application!
Exit code:	1, restarting the application!
Exit code:	1, restarting the application!
Exit code:	1, restarting the application!
Exit code:	1, restarting the application!
Exit code:	1, restarting the application!
Exit code:	1, restarting the application!
Exit code:	1, restarting the application!
Exit code:	1, restarting the application!
Exit code:	1, restarting the application!
Exit code:	1, restarting the application!
Exit code:	1, restarting the application!
Exit code:	1, restarting the application!
Exit code:	1, restarting the application!
Exit code:	1, restarting the application!
Exit code:	1, restarting the application!
Exit code:	1, restarting the application!
Exit code:	1, restarting the application!
Exit code:	1, restarting the application!
Exit code:	1, restarting the application!
Exit code:	1, restarting the application!
Exit code:	1, restarting the application!
Exit code:	1, restarting the application!
Exit code:	1, restarting the application!
Exit code:	1, restarting the application!
Exit code:	1, restarting the application!
Exit code:	1, restarting the application!
Exit code:	1, restarting the application!
Exit code:	1, restarting the application!
Exit code:	1, restarting the application!
Exit code:	1, restarting the application!
Exit code:	1, restarting the application!
Exit code:	1, restarting the application!
Exit code:	1, restarting the application!
Exit code:	1, restarting the application!
Exit code:	1, restarting the application!
Exit code:	1, restarting the application!
Exit code:	1, restarting the application!
Exit code:	1, restarting the application!
Exit code:	1, restarting the application!
Exit code:	1, restarting the application!
Exit code:	1, restarting the application!
Exit code:	1, restarting the application!
Exit code:	1, restarting the application!
Exit code:	1, restarting the application!
Exit code:	1, restarting the application!
Exit code:	1, restarting the application!
Exit code:	1, restarting the application!
Exit code:	1, restarting the application!
Exit code:	1, restarting the application!
Exit code:	1, restarting the application!
Exit code:	1, restarting the application!
Exit code:	1, restarting the application!
Exit code:	1, restarting the application!
Exit code:	1, restarting the application!
Exit code:	1, restarting the application!
Exit code:	1, restarting the application!
Exit code:	1, restarting the application!
Exit code:	1, restarting the application!
Exit code:	1, restarting the application!
Exit code:	1, restarting the application!
Exit code:	1, restarting the application!
Exit code:	1, restarting t code:	1, restarting the application!
Exit code:	1, restarting the application!
Exit code:	1, restarting the application!
Exit code:	1, restarting the application!
Exit code:	1, restarting the application!
Exit code:	1, restarting the application!
Exit code:	1, restarting the application!
Exit code:	1, restarting the application!
Exit code:	1, restarting the application!
Exit code:	1, restarting the application!
Exit code:	1, restarting the application!
Exit code:	1, restarting the application!
Exit code:	1, restarting the application!
Exit code:	1, restarting the application!
Exit code:	1, restarting the application!
Exit code:	1, restarting the application!
Exit code:	1, restarting the application!
Exit code:	1, restarting the application!
Exit code:	1, restarting the application!
Exit code:	1, restarting the application!
Exit code:	1, restarting the application!
Exit code:	1, restarting the application!
Exit code:	1, restarting the application!
Exit code:	1, restarting the application!
Exit code:	1, restarting the application!
Exit code:	1, restarting the application!
Exit code:	1, restarting the application!
Exit code:	1, restarting the application!
Exit code:	1, restarting the application!
Exit code:	1, restarting the application!
Exit code:	1, restarting the application!
Exit code:	1, restarting the application!
Exit code:	1, restarting the application!
Exit code:	1, restarting the application!
Exit code:	1, restarting the application!
Exit code:	1, restarting the application!
Exit code:	1, restarting the application!
Exit code:	1, restarting the application!
Exit code:	1, restarting the application!
Exit code:	1, restarting the application!
Exit code:	1, restarting the application!
Exit code:	1, restarting the application!
Exit code:	1, restarting the application!
Exit code:	1, restarting the application!
Exit code:	1, restarting the application!
Exit code:	1, restarting the application!
Exit code:	1, restarting the application!
Exit code:	1, restarting the application!
Exit code:	1, restarting the application!
Exit code:	1, restarting the application!
Exit code:	1, restarting the application!
Exit code:	1, restarting the application!
Exit code:	1, restarting the application!
Exit code:	1, restarting the application!
Exit code:	1, restarting the application!
Exit code:	1, restarting the application!
Exit code:	1, restarting the application!
Exit code:	1, restarting the application!
Exit code:	1, restarting the application!
Exit code:	1, restarting the application!
Exit code:	1, restarting the application!
Exit code:	1, restarting the application!
Exit code:	1, restarting the application!
Exit code:	1, restarting the application!
Exit code:	1, restarting the application!
Exit code:	1, restarting the application!
Exit code:	1, restarting the application!
Exit code:	1, restarting the application!
Exit code:	1, restarting the application!
Exit code:	1, restarting the application!
Exit code:	1, restarting the application!
Exit code:	1, restarting the application!
Exit code:	1, restarting the application!
Exit code:	1, restarting the application!
Exit code:	1, restarting the application!
Exit code:	1, restarting the application!
Exit code:	1, restarting the application!
Exit code:	1, restarting the application!
Exit code:	1, restarting the application!
Exit code:	1, restarting the application!
Exit code:	1, restarting the application!
Exit code:	1, restarting the application!
Exit code:	1, restarting the application!
Exit code:	1, restarting the application!
Exit code:	1, restarting the application!
Exit code:	1, restarting the application!
Exit code:	1, restarting the application!
Exit code:	1, restarting the application!
Exit code:	1, restarting the application!
Exit code:	1, restarting the application!
Exit code:	1, restarting the application!
Exit code:	1, restarting the application!
Exit code:	1, restarting the application!
Exit code:	1, restarting the application!
Exit code:	1, restarting the application!
Exit code:	1, restarting the application!
Exit code:	1, restarting the application!
Exit code:	1, restarting the application!
Exit code:	1, restarting the application!
Exit code:	1, restarting the application!
Exit code:	1, restarting the application!
Exit code:	1, restarting the application!
Exit code:	1, restarting the application!
Exit code:	1, restarting the application!
Exit code:	1, restarting the application!
Exit code:	1, restarting the application!
Exit code:	1, restarting the application!
Exit code:	1, restarting the application!
Exit code:	1, restarting the application!
Exit code:	1, restarting the application!
Exit code:	1, restarting the application!
Exit code:	1, restarting the application!
Exit code:	1, restarting the application!
Exit code:	1, restarting the application!
Exit code:	1, restarting the application!
Exit code:	1, restarting the application!
Exit code:	1, restarting the application!
Exit code:	1, restarting the application!
Exit code:	1, restarting the application!
Exit code:	1, restarting the application!
Exit code:	1, restarting the application!
Exit code:	1, restarting the application!
Exit code:	1, restarting the application!
Exit code:	1, restarting the application!
Exit code:	1, restarting the application!
Exit code:	1, restarting the application!
Exit code:	1, restarting the application!
Exit code:	1, restarting the application!
Exit code:	1, restarting the application!
Exit code:	1, restarting the application!
Exit code:	1, restarting the application!
Exit code:	1, restarting the application!
Exit code:	1, restarting the application!
Exit code:	1, restarting the application!
Exit code:	1, restarting the application!
Exit code:	1, restarting the application!
Exit code:	1, restarting the application!
Exit code:	1, restarting the application!
Exit code:	1, restarting the application!
Exit code:	1, restarting the application!
Exit code:	1, restarting the application!
Exit code:	1, restarting the application!
Exit code:	1, restarting the application!
Exit code:	1, restarting the application!
Exit code:	1, restarting the application!
Exit code:	1, restarting the application!
Exit code:	1, restarting the application!
Exit code:	1, restarting the application!
Exit code:	1, restarting the application!
Exit code:	1, restarting the application!
Exit code:	1, restarting the application!
Exit code:	1, restarting the application!
Exit code:	1, restarting the application!
Exit code:	1, restarting the application!
Exit code:	1, restarting the application!
Exit code:	1, restarting the application!
Exit code:	1, restarting the application!
Exit code:	1, restarting the application!
Exit code:	1, restarting the application!
Exit code:	1, restarting the application!
Exit code:	1, restarting the application!
Exit code:	1, restarting the application!
Exit code:	1, restarting the application!
Exit code:	1, restarting the application!
Exit code:	1, restarting the application!
Exit code:	1, restarting the application!
Exit code:	1, restarting the application!
Exit code:	1, restarting the application!
Exit code:	1, restarting the application!
Exit code:	1, restarting the application!
Exit code:	1, restarting the application!
Exit code:	1, restarting the application!
Exit code:	1, restarting the application!
Exit code:	1, restarting the application!
Exit code:	1, restarting the application!
Exit code:	1, restarting the application!
Exit code:	1, restarting the application!
Exit code:	1, restarting the application!
Exit code:	1, restarting the application!
Exit code:	1, restarting the application!
Exit code:	1, restarting the application!
Exit code:	1, restarting the application!
Exit code:	1, restarting the application!
Exit code:	1, restarting the application!
Exit code:	1, restarting the application!
Exit code:	1, restarting the application!
Exit code:	1, restarting the application!
Exit code:	1, restarting the application!
Exit code:	1, restarting the application!
Exit code:	1, restarting the application!
Exit code:	1, restarting the application!
Exit code:	1, restarting the application!
Exit code:	1, restarting the application!
Exit code:	1, restarting the application!
Exit code:	1, restarting the application!
Exit the application!
Exit code:	1, restarting the application!
Exit code:	1, restarting the application!
Exit code:	1, restarting the application!
Exit code:	1, restarting the application!
Exit code:	1, restarting the application!
Exit code:	1, restarting the application!
Exit code:	1, restarting the application!
Exit code:	1, restarting the application!
Exit code:	1, restarting the application!
Exit code:	1, restarting the application!
Exit code:	1, restarting the application!
Exit code:	1, restarting the application!
Exit code:	1, restarting the application!
Exit code:	1, restarting the application!
Exit code:	1, restarting the application!
Exit code:	1, restarting the application!
Exit code:	1, restarting the application!
Exit code:	1, restarting the application!
Exit code:	1, restarting the application!
Exit code:	1, restarting the application!
Exit code:	1, restarting the application!
Exit code:	1, restarting the application!
Exit code:	1, restarting the application!
Exit code:	1, restarting the application!
Exit code:	1, restarting the application!
Exit code:	1, restarting the application!
Exit code:	1, restarting the application!
Exit code:	1, restarting the application!
Exit code:	1, restarting the application!
Exit code:	1, restarting the application!
Exit code:	1, restarting the application!
Exit code:	1, restarting the application!
Exit code:	1, restarting the application!
Exit code:	1, restarting the application!
Exit code:	1, restarting the application!
Exit code:	1, restarting the application!
Exit code:	1, restarting the application!
Exit code:	1, restarting the application!
Exit code:	1, restarting the application!
Exit code:	1, restarting the application!
Exit code:	1, restarting the application!
Exit code:	1, restarting the application!
Exit code:	1, restarting the application!
Exit code:	1, restarting the application!
Exit code:	1, restarting the application!
Exit code:	1, restarting the application!
Exit code:	1, restarting the application!
Exit code:	1, restarting the application!
Exit code:	1, restarting the application!
Exit code:	1, restarting the application!
Exit code:	1, restarting the application!
Exit code:	1, restarting the application!
Exit code:	1, restarting the application!
Exit code:	1, restarting the application!
Exit code:	1, restarting the application!
Exit code:	1, restarting the application!
Exit code:	1, restarting the application!
Exit code:	1, restarting the application!
Exit code:	1, restarting the application!
Exit code:	1, restarting the application!
Exit code:	1, restarting the application!
Exit code:	1, restarting the application!
Exit code:	1, restarting the application!
Exit code:	1, restarting the application!
Exit code:	1, restarting the application!
Exit code:	1, restarting the application!
Exit code:	1, restarting the application!
Exit code:	1, restarting the application!
Exit code:	1, restarting the application!
Exit code:	1, restarting the application!
Exit code:	1, restarting the application!
Exit code:	1, restarting the application!
Exit code:	1, restarting the application!
Exit code:	1, restarting the application!
Exit code:	1, restarting the application!
Exit code:	1, restarting the application!
Exit code:	1, restarting the application!
Exit code:	1, restarting the application!
Exit code:	1, restarting the application!
Exit code:	1, restarting the application!
Exit code:	1, restarting the application!
Exit code:	1, restarting the application!
Exit code:	1, restarting the application!
Exit code:	1, restarting the application!
Exit code:	1, restarting the application!
Exit code:	1, restarting the application!
Exit code:	1, restarting the application!
Exit code:	1, restarting the application!
Exit code:	1, restarting the application!
Exit code:	1, restarting the application!
Exit code:	1, restarting the application!
Exit code:	1, restarting the application!
Exit code:	1, restarting the application!
Exit code:	1, restarting the application!
Exit code:	1, restarting the application!
Exit code:	1, restarting the application!
Exit code:	1, restarting the application!
Exit code:	1, restarting the application!
Exit code:	1, restarting the application!
Exit code:	1, restarting the application!
Exit code:	1, restarting the application!
Exit code:	1, restarting the application!
Exit code:	1, restarting the application!
Exit code:	1, restarting the application!
Exit code:	1, restarting the application!
Exit code:	1, restarting the application!
Exit code:	1, restarting the application!
Exit code:	1, restarting the application!
Exit code:	1, restarting the application!
Exit code:	1, restarting the application!
Exit code:	1, restarting the application!
Exit code:	1, restarting the application!
Exit code:	1, restarting the application!
Exit code:	1, restarting the application!
Exit code:	1, restarting the application!
Exit code:	1, restarting the application!
Exit code:	1, restarting the application!
Exit code:	1, restarting the application!
Exit code:	1, restarting the application!
Exit code:	1, restarting the application!
Exit code:	1, restarting the application!
Exit code:	1, restarting the application!
Exit code:	1, restarting the application!
Exit code:	1, restarting the application!
Exit code:	1, restarting the application!
Exit code:	1, restarting the application!
Exit code:	1, restarting the application!
Exit code:	1, restarting the application!
Exit code:	1, restarting the application!
Exit code:	1, restarting the application!
Exit code:	1, restarting the application!
Exit code:	1, restarting the application!
Exit code:	1, restarting the application!
Exit code:	1, restarting the application!
Exit code:	1, restarting the application!
Exit code:	1, restarting the application!
Exit code:	1, restarting the application!
Exit code:	1, restarting the application!
Exit code:	1, restarting the application!
Exit code:	1, restarting the application!
Exit code:	1, restarting the application!
Exit code:	1, restarting the application!
Exit code:	1, restarting the application!
Exit code:	1, restarting the application!
Exit code:	1, restarting the application!
Exit code:	1, restarting the application!
Exit code:	1, restarting the application!
Exit code:	1, restarting the application!
Exit code:	1, restarting the application!
Exit code:	1, restarting the application!
Exit code:	1, restarting the application!
Exit code:	1, restarting the application!
Exit code:	1, restarting the application!
Exit code:	1, restarting the application!
Exit code:	1, restarting the application!
Exit code:	1, restarting the application!
Exit code:	1, restarting the application!
Exit code:	1, restarting the application!
Exit code:	1, restarting the application!
Exit code:	1, restarting the application!
Exit code:	1, restarting the application!
Exit code:	1, restarting the application!
Exit code:	1, restarting the application!
Exit code:	1, restarting the application!
Exit code:	1, restarting the application!
Exit code:	1, restarting the application!
Exit code:	1, restarting the application!
Exit code:	1, restarting the application!
Exit code:	1, restarting the application!
Exit code:	1, restarting the application!
Exit code:	1, restarting the application!
Exit code:	1, restarting the application!
Exit code:	1, restarting the application!
Exit code:	1, restarting the application!
Exit code:	1, restarting the application!
Exit code:	1, restarting the application!
Exit code:	1, restarting the application!
Exit code:	1, restarting the application!
Exit code:	1, restarting the application!
Exit code:	1, restarting the application!
Exit code:	1, restarting the application!
Exit code:	1, restarting the application!
Exit code:	1, restarting the application!
Exit code:	1, restarting the application!
Exit code:	1, restarting the application!
Exit code:	1, restarting the application!
Exit code:	1, restarting the application!
Exit code:	1, restarting the application!
Exit code:	1, restarting the application!
Exit code:	1, restarting the application!
Exit code:	1, restarting the application!
Exit code:	1, restarting the application!
Exit code:	1, restarting the application!
Exit code:	1, restarting the application!
Exit code:	1, restarting thcode:	1, restarting the application!
Exit code:	1, restarting the application!
Exit code:	1, restarting the application!
Exit code:	1, restarting the application!
Exit code:	1, restarting the application!
Exit code:	1, restarting the application!
Exit code:	1, restarting the application!
Exit code:	1, restarting the application!
Exit code:	1, restarting the application!
Exit code:	1, restarting the application!
Exit code:	1, restarting the application!
Exit code:	1, restarting the application!
Exit code:	1, restarting the application!
Exit code:	1, restarting the application!
Exit code:	1, restarting the application!
Exit code:	1, restarting the application!
Exit code:	1, restarting the application!
Exit code:	1, restarting the application!
Exit code:	1, restarting the application!
Exit code:	1, restarting the application!
Exit code:	1, restarting the application!
Exit code:	1, restarting the application!
Exit code:	1, restarting the application!
Exit code:	1, restarting the application!
Exit code:	1, restarting the application!
Exit code:	1, restarting the application!
Exit code:	1, restarting the application!
Exit code:	1, restarting the application!
Exit code:	1, restarting the application!
Exit code:	1, restarting the application!
Exit code:	1, restarting the application!
Exit code:	1, restarting the application!
Exit code:	1, restarting the application!
Exit code:	1, restarting the application!
Exit code:	1, restarting the application!
Exit code:	1, restarting the application!
Exit code:	1, restarting the application!
Exit code:	1, restarting the application!
Exit code:	1, restarting the application!
Exit code:	1, restarting the application!
Exit code:	1, restarting the application!
Exit code:	1, restarting the application!
Exit code:	1, restarting the application!
Exit code:	1, restarting the application!
Exit code:	1, restarting the application!
Exit code:	1, restarting the application!
Exit code:	1, restarting the application!
Exit code:	1, restarting the application!
Exit code:	1, restarting the application!
Exit code:	1, restarting the application!
Exit code:	1, restarting the application!
Exit code:	1, restarting the application!
Exit code:	1, restarting the application!
Exit code:	1, restarting the application!
Exit code:	1, restarting the application!
Exit code:	1, restarting the application!
Exit code:	1, restarting the application!
Exit code:	1, restarting the application!
Exit code:	1, restarting the application!
Exit code:	1, restarting the application!
Exit code:	1, restarting the application!
Exit code:	1, restarting the application!
Exit code:	1, restarting the application!
Exit code:	1, restarting the application!
Exit code:	1, restarting the application!
Exit code:	1, restarting the application!
Exit code:	1, restarting the application!
Exit code:	1, restarting the application!
Exit code:	1, restarting the application!
Exit code:	1, restarting the application!
Exit code:	1, restarting the application!
Exit code:	1, restarting the application!
Exit code:	1, restarting the application!
Exit code:	1, restarting the application!
Exit code:	1, restarting the application!
Exit code:	1, restarting the application!
Exit code:	1, restarting the application!
Exit code:	1, restarting the application!
Exit code:	1, restarting the application!
Exit code:	1, restarting the application!
Exit code:	1, restarting the application!
Exit code:	1, restarting the application!
Exit code:	1, restarting the application!
Exit code:	1, restarting the application!
Exit code:	1, restarting the application!
Exit code:	1, restarting the application!
Exit code:	1, restarting the application!
Exit code:	1, restarting the application!
Exit code:	1, restarting the application!
Exit code:	1, restarting the application!
Exit code:	1, restarting the application!
Exit code:	1, restarting the application!
Exit code:	1, restarting the application!
Exit code:	1, restarting the application!
Exit code:	1, restarting the application!
Exit code:	1, restarting the application!
Exit code:	1, restarting the application!
Exit code:	1, restarting the application!
Exit code:	1, restarting the application!
Exit code:	1, restarting the application!
Exit code:	1, restarting the application!
Exit code:	1, restarting the application!
Exit code:	1, restarting the application!
Exit code:	1, restarting the application!
Exit code:	1, restarting the application!
Exit code:	1, restarting the application!
Exit code:	1, restarting the application!
Exit code:	1, restarting the application!
Exit code:	1, restarting the application!
Exit code:	1, restarting the application!
Exit code:	1, restarting the application!
Exit code:	1, restarting the application!
Exit code:	1, restarting the application!
Exit code:	1, restarting the application!
Exit code:	1, restarting the application!
Exit code:	1, restarting the application!
Exit code:	1, restarting the application!
Exit code:	1, restarting the application!
Exit code:	1, restarting the application!
Exit code:	1, restarting the application!
Exit code:	1, restarting the application!
Exit code:	1, restarting the application!
Exit code:	1, restarting the application!
Exit code:	1, restarting the application!
Exit code:	1, restarting the application!
Exit code:	1, restarting the application!
Exit code:	1, restarting the application!
Exit code:	1, restarting the application!
Exit code:	1, restarting the application!
Exit code:	1, restarting the application!
Exit code:	1, restarting the application!
Exit code:	1, restarting the application!
Exit code:	1, restarting the application!
Exit code:	1, restarting the application!
Exit code:	1, restarting the application!
Exit code:	1, restarting the application!
Exit code:	1, restarting the application!
Exit code:	1, restarting the application!
Exit code:	1, restarting the application!
Exit code:	1, restarting the application!
Exit code:	1, restarting the application!
Exit code:	1, restarting the application!
Exit code:	1, restarting the application!
Exit code:	1, restarting the application!
Exit code:	1, restarting the application!
Exit code:	1, restarting the application!
Exit code:	1, restarting the application!
Exit code:	1, restarting the application!
Exit code:	1, restarting the application!
Exit code:	1, restarting the application!
Exit code:	1, restarting the application!
Exit code:	1, restarting the application!
Exit code:	1, restarting the application!
Exit code:	1, restarting the application!
Exit code:	1, restarting the application!
Exit code:	1, restarting the application!
Exit code:	1, restarting the application!
Exit code:	1, restarting the application!
Exit code:	1, restarting the application!
Exit code:	1, restarting the application!
Exit code:	1, restarting the application!
Exit code:	1, restarting the application!
Exit code:	1, restarting the application!
Exit code:	1, restarting the application!
Exit code:	1, restarting the application!
Exit code:	1, restarting the application!
Exit code:	1, restarting the application!
Exit code:	1, restarting the application!
Exit code:	1, restarting the application!
Exit code:	1, restarting the application!
Exit code:	1, restarting the application!
Exit code:	1, restarting the application!
Exit code:	1, restarting the application!
Exit code:	1, restarting the application!
Exit code:	1, restarting the application!
Exit code:	1, restarting the application!
Exit code:	1, restarting the application!
Exit code:	1, restarting the application!
Exit code:	1, restarting the application!
Exit code:	1, restarting the application!
Exit code:	1, restarting the application!
Exit code:	1, restarting the application!
Exit code:	1, restarting the application!
Exit code:	1, restarting the application!
Exit code:	1, restarting the application!
Exit code:	1, restarting the application!
Exit code:	1, restarting the application!
Exit code:	1, restarting the application!
Exit code:	1, restarting the application!
Exit code:	1, restarting the application!
Exit code:	1, restarting the application!
Exit code:	1, restarting the application!
Exit code:	1, restarting the application!
Exit code:	1, restarting the application!
Exit code:	1, restarting the application!
Exit coe application!
Exit code:	1, restarting the application!
Exit code:	1, restarting the application!
Exit code:	1, restarting the application!
Exit code:	1, restarting the application!
Exit code:	1, restarting the application!
Exit code:	1, restarting the application!
Exit code:	1, restarting the application!
Exit code:	1, restarting the application!
Exit code:	1, restarting the application!
Exit code:	1, restarting the application!
Exit code:	1, restarting the application!
Exit code:	1, restarting the application!
Exit code:	1, restarting the application!
Exit code:	1, restarting the application!
Exit code:	1, restarting the application!
Exit code:	1, restarting the application!
Exit code:	1, restarting the application!
Exit code:	1, restarting the application!
Exit code:	1, restarting the application!
Exit code:	1, restarting the application!
Exit code:	1, restarting the application!
Exit code:	1, restarting the application!
Exit code:	1, restarting the application!
Exit code:	1, restarting the application!
Exit code:	1, restarting the application!
Exit code:	1, restarting the application!
Exit code:	1, restarting the application!
Exit code:	1, restarting the application!
Exit code:	1, restarting the application!
Exit code:	1, restarting the application!
Exit code:	1, restarting the application!
Exit code:	1, restarting the application!
Exit code:	1, restarting the application!
Exit code:	1, restarting the application!
Exit code:	1, restarting the application!
Exit code:	1, restarting the application!
Exit code:	1, restarting the application!
Exit code:	1, restarting the application!
Exit code:	1, restarting the application!
Exit code:	1, restarting the application!
Exit code:	1, restarting the application!
Exit code:	1, restarting the application!
Exit code:	1, restarting the application!
Exit code:	1, restarting the application!
Exit code:	1, restarting the application!
Exit code:	1, restarting the application!
Exit code:	1, restarting the application!
Exit code:	1, restarting the application!
Exit code:	1, restarting the application!
Exit code:	1, restarting the application!
Exit code:	1, restarting the application!
Exit code:	1, restarting the application!
Exit code:	1, restarting the application!
Exit code:	1, restarting the application!
Exit code:	1, restarting the application!
Exit code:	1, restarting the application!
Exit code:	1, restarting the application!
Exit code:	1, restarting the application!
Exit code:	1, restarting the application!
Exit code:	1, restarting the application!
Exit code:	1, restarting the application!
Exit code:	1, restarting the application!
Exit code:	1, restarting the application!
Exit code:	1, restarting the application!
Exit code:	1, restarting the application!
Exit code:	1, restarting the application!
Exit code:	1, restarting the application!
Exit code:	1, restarting the application!
Exit code:	1, restarting the application!
Exit code:	1, restarting the application!
Exit code:	1, restarting the application!
Exit code:	1, restarting the application!
Exit code:	1, restarting the application!
Exit code:	1, restarting the application!
Exit code:	1, restarting the application!
Exit code:	1, restarting the application!
Exit code:	1, restarting the application!
Exit code:	1, restarting the application!
Exit code:	1, restarting the application!
Exit code:	1, restarting the application!
Exit code:	1, restarting the application!
Exit code:	1, restarting the application!
Exit code:	1, restarting the application!
Exit code:	1, restarting the application!
Exit code:	1, restarting the application!
Exit code:	1, restarting the application!
Exit code:	1, restarting the application!
Exit code:	1, restarting the application!
Exit code:	1, restarting the application!
Exit code:	1, restarting the application!
Exit code:	1, restarting the application!
Exit code:	1, restarting the application!
Exit code:	1, restarting the application!
Exit code:	1, restarting the application!
Exit code:	1, restarting the application!
Exit code:	1, restarting the application!
Exit code:	1, restarting the application!
Exit code:	1, restarting the application!
Exit code:	1, restarting the application!
Exit code:	1, restarting the application!
Exit code:	1, restarting the application!
Exit code:	1, restarting the application!
Exit code:	1, restarting the application!
Exit code:	1, restarting the application!
Exit code:	1, restarting the application!
Exit code:	1, restarting the application!
Exit code:	1, restarting the application!
Exit code:	1, restarting the application!
Exit code:	1, restarting the application!
Exit code:	1, restarting the application!
Exit code:	1, restarting the application!
Exit code:	1, restarting the application!
Exit code:	1, restarting the application!
Exit code:	1, restarting the application!
Exit code:	1, restarting the application!
Exit code:	1, restarting the application!
Exit code:	1, restarting the application!
Exit code:	1, restarting the application!
Exit code:	1, restarting the application!
Exit code:	1, restarting the application!
Exit code:	1, restarting the application!
Exit code:	1, restarting the application!
Exit code:	1, restarting the application!
Exit code:	1, restarting the application!
Exit code:	1, restarting the application!
Exit code:	1, restarting the application!
Exit code:	1, restarting the application!
Exit code:	1, restarting the application!
Exit code:	1, restarting the application!
Exit code:	1, restarting the application!
Exit code:	1, restarting the application!
Exit code:	1, restarting the application!
Exit code:	1, restarting the application!
Exit code:	1, restarting the application!
Exit code:	1, restarting the application!
Exit code:	1, restarting the application!
Exit code:	1, restarting the application!
Exit code:	1, restarting the application!
Exit code:	1, restarting the application!
Exit code:	1, restarting the application!
Exit code:	1, restarting the application!
Exit code:	1, restarting the application!
Exit code:	1, restarting the application!
Exit code:	1, restarting the application!
Exit code:	1, restarting the application!
Exit code:	1, restarting the application!
Exit code:	1, restarting the application!
Exit code:	1, restarting the application!
Exit code:	1, restarting the application!
Exit code:	1, restarting the application!
Exit code:	1, restarting the application!
Exit code:	1, restarting the application!
Exit code:	1, restarting the application!
Exit code:	1, restarting the application!
Exit code:	1, restarting the application!
Exit code:	1, restarting the application!
Exit code:	1, restarting the application!
Exit code:	1, restarting the application!
Exit code:	1, restarting the application!
Exit code:	1, restarting the application!
Exit code:	1, restarting the application!
Exit code:	1, restarting the application!
Exit code:	1, restarting the application!
Exit code:	1, restarting the application!
Exit code:	1, restarting the application!
Exit code:	1, restarting the application!
Exit code:	1, restarting the application!
Exit code:	1, restarting the application!
Exit code:	1, restarting the application!
Exit code:	1, restarting the application!
Exit code:	1, restarting the application!
Exit code:	1, restarting the application!
Exit code:	1, restarting the application!
Exit code:	1, restarting the application!
Exit code:	1, restarting the application!
Exit code:	1, restarting the application!
Exit code:	1, restarting the application!
Exit code:	1, restarting the application!
Exit code:	1, restarting the application!
Exit code:	1, restarting the application!
Exit code:	1, restarting the application!
Exit code:	1, restarting the application!
Exit code:	1, restarting the application!
Exit code:	1, restarting the application!
Exit code:	1, restarting the application!
Exit code:	1, restarting the application!
Exit code:	1, restarting the application!
Exit code:	1, restarting the application!
Exit code:	1, restarting the application!
Exit code:	1, restarting the application!
Exit code:	1, restarting the application!
Exit code:	1, restarting the application!
Exit code:	1, restarting the application!
Exit code:	1, restarting the application!
Exit code:	1, restarting the de:	1, restarting the application!
Exit code:	1, restarting the application!
Exit code:	1, restarting the application!
Exit code:	1, restarting the application!
Exit code:	1, restarting the application!
Exit code:	1, restarting the application!
Exit code:	1, restarting the application!
Exit code:	1, restarting the application!
Exit code:	1, restarting the application!
Exit code:	1, restarting the application!
Exit code:	1, restarting the application!
Exit code:	1, restarting the application!
Exit code:	1, restarting the application!
Exit code:	1, restarting the application!
Exit code:	1, restarting the application!
Exit code:	1, restarting the application!
Exit code:	1, restarting the application!
Exit code:	1, restarting the application!
Exit code:	1, restarting the application!
Exit code:	1, restarting the application!
Exit code:	1, restarting the application!
Exit code:	1, restarting the application!
Exit code:	1, restarting the application!
Exit code:	1, restarting the application!
Exit code:	1, restarting the application!
Exit code:	1, restarting the application!
Exit code:	1, restarting the application!
Exit code:	1, restarting the application!
Exit code:	1, restarting the application!
Exit code:	1, restarting the application!
Exit code:	1, restarting the application!
Exit code:	1, restarting the application!
Exit code:	1, restarting the application!
Exit code:	1, restarting the application!
Exit code:	1, restarting the application!
Exit code:	1, restarting the application!
Exit code:	1, restarting the application!
Exit code:	1, restarting the application!
Exit code:	1, restarting the application!
Exit code:	1, restarting the application!
Exit code:	1, restarting the application!
Exit code:	1, restarting the application!
Exit code:	1, restarting the application!
Exit code:	1, restarting the application!
Exit code:	1, restarting the application!
Exit code:	1, restarting the application!
Exit code:	1, restarting the application!
Exit code:	1, restarting the application!
Exit code:	1, restarting the application!
Exit code:	1, restarting the application!
Exit code:	1, restarting the application!
Exit code:	1, restarting the application!
Exit code:	1, restarting the application!
Exit code:	1, restarting the application!
Exit code:	1, restarting the application!
Exit code:	1, restarting the application!
Exit code:	1, restarting the application!
Exit code:	1, restarting the application!
Exit code:	1, restarting the application!
Exit code:	1, restarting the application!
Exit code:	1, restarting the application!
Exit code:	1, restarting the application!
Exit code:	1, restarting the application!
Exit code:	1, restarting the application!
Exit code:	1, restarting the application!
Exit code:	1, restarting the application!
Exit code:	1, restarting the application!
Exit code:	1, restarting the application!
Exit code:	1, restarting the application!
Exit code:	1, restarting the application!
Exit code:	1, restarting the application!
Exit code:	1, restarting the application!
Exit code:	1, restarting the application!
Exit code:	1, restarting the application!
Exit code:	1, restarting the application!
Exit code:	1, restarting the application!
Exit code:	1, restarting the application!
Exit code:	1, restarting the application!
Exit code:	1, restarting the application!
Exit code:	1, restarting the application!
Exit code:	1, restarting the application!
Exit code:	1, restarting the application!
Exit code:	1, restarting the application!
Exit code:	1, restarting the application!
Exit code:	1, restarting the application!
Exit code:	1, restarting the application!
Exit code:	1, restarting the application!
Exit code:	1, restarting the application!
Exit code:	1, restarting the application!
Exit code:	1, restarting the application!
Exit code:	1, restarting the application!
Exit code:	1, restarting the application!
Exit code:	1, restarting the application!
Exit code:	1, restarting the application!
Exit code:	1, restarting the application!
Exit code:	1, restarting the application!
Exit code:	1, restarting the application!
Exit code:	1, restarting the 

Version:	3.50
CmdLine:	D:\proect\demo5\out\artifacts\demo5_jar\my.exe --l4j-debug
JNI:		No
WOW64:		Yes
Working dir:	D:\proect\demo5\out\artifacts\demo5_jar\.
Requires JDK:	No
Requires 64-Bit: No
Java min ver:	1.006.000_022
Java max ver:	
Substitute:	JAVA_HOME = 
Substitute:	PATH = C:\Program Files\Common Files\Oracle\Java\javapath;C:\WINDOWS\system32;C:\WINDOWS;C:\WINDOWS\System32\Wbem;C:\WINDOWS\System32\WindowsPowerShell\v1.0\;C:\WINDOWS\System32\OpenSSH\;C:\Program Files\Git\cmd;C:\Users\cibir\AppData\Local\Microsoft\WindowsApps;;C:\Users\cibir\AppData\Local\Programs\Microsoft VS Code\bin;C:\Program Files\Java\jdk-20\bin
JRE paths:	;C:\Program Files\Common Files\Oracle\Java\javapath;C:\WINDOWS\system32;C:\WINDOWS;C:\WINDOWS\System32\Wbem;C:\WINDOWS\System32\WindowsPowerShell\v1.0\;C:\WINDOWS\System32\OpenSSH\;C:\Program Files\Git\cmd;C:\Users\cibir\AppData\Local\Microsoft\WindowsApps;;C:\Users\cibir\AppData\Local\Programs\Microsoft VS Code\bin;C:\Program Files\Java\jdk-20\bin
Check launcher:	C:\Program Files\Common Files\Oracle\Java\javapath\bin\javaw.exe (not found)
Check launcher:	C:\WINDOWS\system32\bin\javaw.exe (not found)
Check launcher:	C:\WINDOWS\bin\javaw.exe (not found)
Check launcher:	C:\WINDOWS\System32\Wbem\bin\javaw.exe (not found)
Check launcher:	C:\WINDOWS\System32\WindowsPowerShell\v1.0\bin\javaw.exe (not found)
Check launcher:	C:\WINDOWS\System32\OpenSSH\bin\javaw.exe (not found)
Check launcher:	C:\Program Files\Git\cmd\bin\javaw.exe (not found)
Check launcher:	C:\Users\cibir\AppData\Local\Microsoft\WindowsApps\bin\javaw.exe (not found)
Check launcher:	C:\Users\cibir\AppData\Local\Programs\Microsoft VS Code\bin\javaw.exe (not found)
Check launcher:	C:\Program Files\Java\jdk-20\bin\javaw.exe (OK)
Version string: 1.020.000_002 / 64-Bit (OK)
Launcher:	C:\Program Files\Java\jdk-20\bin\javaw.exe
Launcher args:	-jar "D:\proect\demo5\out\artifacts\demo5_jar\my.exe"
Args length:	53/32768 chars
Exit code:	0
